<?xml version="1.0" encoding="UTF-8"?>

<!-- Application context definition. -->
<beans xmlns:xsi="http://www.w3.org/2001/XMLSchema-instance"
	xmlns="http://www.springframework.org/schema/beans" xmlns:context="http://www.springframework.org/schema/context"
	xmlns:tx="http://www.springframework.org/schema/tx" xmlns:dubbo="http://code.alibabatech.com/schema/dubbo" 
	xmlns:mvc="http://www.springframework.org/schema/mvc" 
	xsi:schemaLocation="
		http://www.springframework.org/schema/beans http://www.springframework.org/schema/beans/spring-beans.xsd
		http://www.springframework.org/schema/context http://www.springframework.org/schema/context/spring-context.xsd
		http://www.springframework.org/schema/tx http://www.springframework.org/schema/tx/spring-tx.xsd 
		http://www.springframework.org/schema/mvc http://www.springframework.org/schema/mvc/spring-mvc.xsd 
		http://code.alibabatech.com/schema/dubbo http://code.alibabatech.com/schema/dubbo/dubbo.xsd">
	
	<context:annotation-config />
	<context:component-scan base-package="com.xianglin.appserv" />
	
	<dubbo:application name="nodeCoreDubboProvider" />
	<dubbo:registry address="zookeeper://zookeeper.dev.xianglin.com:2181" />	
	
	<import resource="classpath*:/spring/common-*.xml"/>
	<import resource="classpath*:/spring/core-*.xml"/>
	<import resource="classpath*:/spring/biz-shared.xml"/>
</beans>
